<?xml version="1.0" encoding="UTF-8"?>
<testsuite xmlns:xsi="http://www.w3.org/2001/XMLSchema-instance" xsi:noNamespaceSchemaLocation="https://maven.apache.org/surefire/maven-surefire-plugin/xsd/surefire-test-report-3.0.xsd" version="3.0" name="CoffeeMachineCucumberFunctionalTest" time="48.158" tests="7" errors="0" skipped="0" failures="0">
  <properties>
[...]
</properties>
  <testcase name="A user plug the coffee machine and make a coffee Arabica" classname="Make a coffee with a complete coffee machine" time="15.386"/>
  <testcase name="A user plug the coffee machine and make a coffee" classname="Make a coffee with a complete coffee machine" time="9.276"/>
  <testcase name="A user plugs the coffee machine and try to make a coffee but the machine is out of order" classname="Make a coffee with a complete coffee machine" time="0.009"/>
  <testcase name="A user plug the espresso machine and make a espresso Arabica" classname="Make a espresso with a complete espresso machine" time="14.115"/>
  <testcase name="A user plug the espresso machine and make a espresso" classname="Make a espresso with a complete espresso machine" time="9.274"/>
  <testcase name="A user plugs the espresso machine and try to make a espresso but the machine is out of order" classname="Make a espresso with a complete espresso machine" time="0.01"/>
  <testcase name="User plugs in the coffee machine" classname="Verify the coffee machine connection to the electrical network" time="0.006"/>
</testsuite>